<?xml version="1.0" ?>
<coverage version="7.8.0" timestamp="1751044104401" lines-valid="200" lines-covered="71" line-rate="0.355" branches-valid="52" branches-covered="4" branch-rate="0.07692" complexity="0">
	<!-- Generated by coverage.py: https://coverage.readthedocs.io/en/7.8.0 -->
	<!-- Based on https://raw.githubusercontent.com/cobertura/web/master/htdocs/xml/coverage-04.dtd -->
	<sources>
		<source>/Users/norrisa/Documents/dev/github/tool-slide-bridge</source>
	</sources>
	<packages>
		<package name="src.tool_slide_bridge" line-rate="0.355" branch-rate="0.07692" complexity="0">
			<classes>
				<class name="__init__.py" filename="src/tool_slide_bridge/__init__.py" complexity="0" line-rate="1" branch-rate="1">
					<methods/>
					<lines>
						<line number="21" hits="1"/>
						<line number="22" hits="1"/>
						<line number="23" hits="1"/>
						<line number="24" hits="1"/>
						<line number="27" hits="1"/>
						<line number="29" hits="1"/>
					</lines>
				</class>
				<class name="cli.py" filename="src/tool_slide_bridge/cli.py" complexity="0" line-rate="0.4634" branch-rate="0.25">
					<methods/>
					<lines>
						<line number="5" hits="1"/>
						<line number="6" hits="1"/>
						<line number="7" hits="1"/>
						<line number="8" hits="1"/>
						<line number="10" hits="1"/>
						<line number="11" hits="1"/>
						<line number="12" hits="1"/>
						<line number="13" hits="1"/>
						<line number="14" hits="1"/>
						<line number="16" hits="1"/>
						<line number="18" hits="1"/>
						<line number="21" hits="1"/>
						<line number="34" hits="1"/>
						<line number="36" hits="1"/>
						<line number="39" hits="1" branch="true" condition-coverage="100% (2/2)"/>
						<line number="40" hits="1"/>
						<line number="43" hits="1"/>
						<line number="45" hits="1"/>
						<line number="51" hits="1"/>
						<line number="54" hits="1"/>
						<line number="55" hits="1"/>
						<line number="56" hits="1"/>
						<line number="59" hits="1"/>
						<line number="66" hits="1"/>
						<line number="67" hits="1"/>
						<line number="68" hits="1"/>
						<line number="69" hits="1"/>
						<line number="70" hits="1"/>
						<line number="71" hits="1"/>
						<line number="72" hits="1"/>
						<line number="88" hits="1"/>
						<line number="91" hits="1"/>
						<line number="94" hits="1" branch="true" condition-coverage="50% (1/2)" missing-branches="103"/>
						<line number="95" hits="1" branch="true" condition-coverage="50% (1/2)" missing-branches="96"/>
						<line number="96" hits="0"/>
						<line number="98" hits="1"/>
						<line number="99" hits="1"/>
						<line number="100" hits="1"/>
						<line number="101" hits="1"/>
						<line number="103" hits="0" branch="true" condition-coverage="0% (0/2)" missing-branches="104,119"/>
						<line number="104" hits="0"/>
						<line number="105" hits="0"/>
						<line number="106" hits="0"/>
						<line number="107" hits="0"/>
						<line number="109" hits="0" branch="true" condition-coverage="0% (0/2)" missing-branches="110,115"/>
						<line number="110" hits="0"/>
						<line number="113" hits="0"/>
						<line number="115" hits="0"/>
						<line number="116" hits="0"/>
						<line number="119" hits="0" branch="true" condition-coverage="0% (0/2)" missing-branches="120,126"/>
						<line number="120" hits="0"/>
						<line number="121" hits="0"/>
						<line number="122" hits="0"/>
						<line number="123" hits="0"/>
						<line number="126" hits="0"/>
						<line number="127" hits="0"/>
						<line number="128" hits="0"/>
						<line number="130" hits="0"/>
						<line number="134" hits="0"/>
						<line number="135" hits="0"/>
						<line number="136" hits="0"/>
						<line number="139" hits="0"/>
						<line number="147" hits="0"/>
						<line number="148" hits="0"/>
						<line number="149" hits="0"/>
						<line number="150" hits="0"/>
						<line number="153" hits="0"/>
						<line number="155" hits="0"/>
						<line number="156" hits="0"/>
						<line number="161" hits="0" branch="true" condition-coverage="0% (0/2)" missing-branches="162,178"/>
						<line number="162" hits="0"/>
						<line number="164" hits="0"/>
						<line number="170" hits="0"/>
						<line number="172" hits="0"/>
						<line number="173" hits="0"/>
						<line number="174" hits="0"/>
						<line number="175" hits="0"/>
						<line number="178" hits="0"/>
						<line number="180" hits="0" branch="true" condition-coverage="0% (0/2)" missing-branches="181,190"/>
						<line number="181" hits="0"/>
						<line number="185" hits="0"/>
						<line number="190" hits="0"/>
					</lines>
				</class>
				<class name="marp_converter.py" filename="src/tool_slide_bridge/marp_converter.py" complexity="0" line-rate="0.2411" branch-rate="0">
					<methods/>
					<lines>
						<line number="8" hits="1"/>
						<line number="9" hits="1"/>
						<line number="10" hits="1"/>
						<line number="11" hits="1"/>
						<line number="12" hits="1"/>
						<line number="14" hits="1"/>
						<line number="17" hits="1"/>
						<line number="20" hits="1"/>
						<line number="21" hits="1"/>
						<line number="22" hits="1"/>
						<line number="23" hits="1"/>
						<line number="24" hits="1"/>
						<line number="25" hits="1"/>
						<line number="28" hits="1"/>
						<line number="31" hits="1"/>
						<line number="32" hits="1"/>
						<line number="33" hits="1"/>
						<line number="36" hits="1"/>
						<line number="41" hits="1"/>
						<line number="44" hits="1"/>
						<line number="58" hits="0"/>
						<line number="59" hits="0"/>
						<line number="60" hits="0"/>
						<line number="63" hits="0"/>
						<line number="64" hits="0"/>
						<line number="66" hits="1"/>
						<line number="83" hits="0" branch="true" condition-coverage="0% (0/2)" missing-branches="84,87"/>
						<line number="84" hits="0"/>
						<line number="87" hits="0"/>
						<line number="90" hits="0"/>
						<line number="93" hits="0"/>
						<line number="95" hits="0"/>
						<line number="97" hits="1"/>
						<line number="109" hits="0"/>
						<line number="110" hits="0"/>
						<line number="115" hits="0"/>
						<line number="122" hits="0" branch="true" condition-coverage="0% (0/2)" missing-branches="123,124"/>
						<line number="123" hits="0"/>
						<line number="124" hits="0" branch="true" condition-coverage="0% (0/2)" missing-branches="125,127"/>
						<line number="125" hits="0"/>
						<line number="127" hits="0"/>
						<line number="129" hits="0"/>
						<line number="131" hits="1"/>
						<line number="142" hits="0"/>
						<line number="146" hits="0"/>
						<line number="147" hits="0"/>
						<line number="149" hits="0" branch="true" condition-coverage="0% (0/2)" missing-branches="151,162"/>
						<line number="151" hits="0" branch="true" condition-coverage="0% (0/2)" missing-branches="153,160"/>
						<line number="153" hits="0"/>
						<line number="154" hits="0" branch="true" condition-coverage="0% (0/2)" missing-branches="155,157"/>
						<line number="155" hits="0"/>
						<line number="157" hits="0" branch="true" condition-coverage="0% (0/2)" missing-branches="158,160"/>
						<line number="158" hits="0"/>
						<line number="160" hits="0"/>
						<line number="162" hits="0"/>
						<line number="165" hits="0"/>
						<line number="166" hits="0"/>
						<line number="168" hits="0"/>
						<line number="170" hits="1"/>
						<line number="181" hits="0"/>
						<line number="182" hits="0"/>
						<line number="184" hits="0" branch="true" condition-coverage="0% (0/2)" missing-branches="185,204"/>
						<line number="185" hits="0"/>
						<line number="186" hits="0" branch="true" condition-coverage="0% (0/2)" missing-branches="187,190"/>
						<line number="187" hits="0"/>
						<line number="190" hits="0" branch="true" condition-coverage="0% (0/2)" missing-branches="191,195"/>
						<line number="191" hits="0"/>
						<line number="192" hits="0"/>
						<line number="195" hits="0" branch="true" condition-coverage="0% (0/2)" missing-branches="196,197"/>
						<line number="196" hits="0"/>
						<line number="197" hits="0" branch="true" condition-coverage="0% (0/2)" missing-branches="198,199"/>
						<line number="198" hits="0"/>
						<line number="199" hits="0" branch="true" condition-coverage="0% (0/2)" missing-branches="200,202"/>
						<line number="200" hits="0"/>
						<line number="202" hits="0"/>
						<line number="204" hits="0"/>
						<line number="206" hits="1"/>
						<line number="225" hits="0"/>
						<line number="227" hits="0"/>
						<line number="230" hits="0"/>
						<line number="231" hits="0"/>
						<line number="232" hits="0"/>
						<line number="235" hits="0"/>
						<line number="238" hits="0"/>
						<line number="241" hits="0" branch="true" condition-coverage="0% (0/2)" missing-branches="242,243"/>
						<line number="242" hits="0"/>
						<line number="243" hits="0" branch="true" condition-coverage="0% (0/2)" missing-branches="244,245"/>
						<line number="244" hits="0"/>
						<line number="245" hits="0" branch="true" condition-coverage="0% (0/2)" missing-branches="246,249"/>
						<line number="246" hits="0"/>
						<line number="249" hits="0"/>
						<line number="252" hits="0" branch="true" condition-coverage="0% (0/2)" missing-branches="253,256"/>
						<line number="253" hits="0"/>
						<line number="256" hits="0"/>
						<line number="258" hits="0"/>
						<line number="262" hits="0"/>
						<line number="263" hits="0"/>
						<line number="264" hits="0"/>
						<line number="269" hits="0"/>
						<line number="270" hits="0"/>
						<line number="274" hits="1"/>
						<line number="281" hits="0"/>
						<line number="282" hits="0"/>
						<line number="285" hits="0"/>
						<line number="286" hits="0"/>
						<line number="287" hits="0"/>
						<line number="289" hits="1"/>
						<line number="296" hits="0"/>
						<line number="299" hits="0" branch="true" condition-coverage="0% (0/2)" missing-branches="300,303"/>
						<line number="300" hits="0"/>
						<line number="301" hits="0"/>
						<line number="303" hits="0"/>
					</lines>
				</class>
			</classes>
		</package>
	</packages>
</coverage>
